[2016.01.29-23.43.32:295][  0]Log file open, 01/29/16 23:43:32
[2016.01.29-23.43.32:295][  0]LogInit:Display: Running engine for game: TwitchPlaysCthulu
[2016.01.29-23.43.32:295][  0]LogPlatformFile: Not using cached read wrapper
[2016.01.29-23.43.32:295][  0]LogInit:Display: RandInit(-1161707778) SRandInit(-1161707775).
[2016.01.29-23.43.32:295][  0]LogTaskGraph: Started task graph with 4 named threads and 7 total threads.
[2016.01.29-23.43.32:295][  0]LogStats: Stats thread started at 0.174649
[2016.01.29-23.43.32:295][  0]LogInit:Warning: Incompatible or missing module: UE4Editor-TwitchPlaysCthulu.dll
[2016.01.29-23.43.36:553][  0]Running D:/Epic Games/4.10/Engine/Binaries/DotNET/UnrealBuildTool.exe TwitchPlaysCthulu Development Win64 -project="C:/Users/craig/Documents/GitHub/Dancing-octo-thingy/TwitchPlaysCthulu/TwitchPlaysCthulu.uproject" -rocket -editorrecompile -progress -noubtmakefiles -2015
[2016.01.29-23.44.29:003][  0]@progress push 5%
[2016.01.29-23.44.29:806][  0]Parsing headers for TwitchPlaysCthuluEditor
[2016.01.29-23.44.29:806][  0]  Running UnrealHeaderTool "C:/Users/craig/Documents/GitHub/Dancing-octo-thingy/TwitchPlaysCthulu/TwitchPlaysCthulu.uproject" "C:\Users\craig\Documents\GitHub\Dancing-octo-thingy\TwitchPlaysCthulu\Intermediate\Build\Win64\TwitchPlaysCthuluEditor\Development\UnrealHeaderTool.manifest" -LogCmds="loginit warning, logexit warning, logdatabase error" -rocket -installed
[2016.01.29-23.44.37:628][  0]Reflection code generated for TwitchPlaysCthuluEditor in 7.8072188 seconds
[2016.01.29-23.44.37:729][  0]@progress pop
[2016.01.29-23.44.43:052][  0]Performing 10 actions (4 in parallel)
[2016.01.29-23.44.43:053][  0][2/10] Resource PCLaunch.rc
[2016.01.29-23.44.43:154][  0][3/10] Resource ModuleVersionResource.rc.inl
[2016.01.29-23.44.43:154][  0]PCH.TwitchPlaysCthulu.h.cpp
[2016.01.29-23.44.49:982][  0]C:\Users\craig\Documents\GitHub\Dancing-octo-thingy\TwitchPlaysCthulu\Intermediate\Build\Win64\UE4Editor\Development\TwitchPlaysCthulu\PCH.TwitchPlaysCthulu.h.cpp(1): fatal error C1085: Cannot write precompiled header file: 'C:\Users\craig\Documents\GitHub\Dancing-octo-thingy\TwitchPlaysCthulu\Intermediate\Build\Win64\UE4Editor\Development\TwitchPlaysCthulu\TwitchPlaysCthulu.h.pch': There is not enough space on the disk.
[2016.01.29-23.44.49:982][  0]
[2016.01.29-23.44.50:184][  0]-------- End Detailed Actions Stats -----------------------------------------------------------
[2016.01.29-23.44.50:184][  0]ERROR: UBT ERROR: Failed to produce item: C:\Users\craig\Documents\GitHub\Dancing-octo-thingy\TwitchPlaysCthulu\Binaries\Win64\UE4Editor-TwitchPlaysCthulu.dll
[2016.01.29-23.44.50:184][  0]Total build time: 73.51 seconds
[2016.01.29-23.44.50:788][  0]LogInit:Warning: Still incompatible or missing module: UE4Editor-TwitchPlaysCthulu.dll
[2016.01.29-23.44.54:606][  0]LogExit: Preparing to exit.
[2016.01.29-23.44.54:607][  0]LogModuleManager: Shutting down and abandoning module DesktopPlatform (15)
[2016.01.29-23.44.54:607][  0]LogModuleManager: Shutting down and abandoning module TextureCompressor (14)
[2016.01.29-23.44.54:607][  0]LogModuleManager: Shutting down and abandoning module ShaderCore (13)
[2016.01.29-23.44.54:607][  0]LogModuleManager: Shutting down and abandoning module Landscape (12)
[2016.01.29-23.44.54:607][  0]LogModuleManager: Shutting down and abandoning module SlateRHIRenderer (11)
[2016.01.29-23.44.54:607][  0]LogModuleManager: Shutting down and abandoning module OpenGLDrv (10)
[2016.01.29-23.44.54:607][  0]LogModuleManager: Shutting down and abandoning module D3D11RHI (9)
[2016.01.29-23.44.54:607][  0]LogModuleManager: Shutting down and abandoning module AnimGraphRuntime (8)
[2016.01.29-23.44.54:607][  0]LogModuleManager: Shutting down and abandoning module Renderer (7)
[2016.01.29-23.44.54:607][  0]LogModuleManager: Shutting down and abandoning module Engine (6)
[2016.01.29-23.44.54:607][  0]LogModuleManager: Shutting down and abandoning module CoreUObject (5)
[2016.01.29-23.44.54:607][  0]LogModuleManager: Shutting down and abandoning module NetworkFile (4)
[2016.01.29-23.44.54:607][  0]LogModuleManager: Shutting down and abandoning module StreamingFile (3)
[2016.01.29-23.44.54:607][  0]LogModuleManager: Shutting down and abandoning module SandboxFile (2)
[2016.01.29-23.44.54:607][  0]LogModuleManager: Shutting down and abandoning module PakFile (1)
[2016.01.29-23.44.54:607][  0]LogExit: Exiting.
[2016.01.29-23.44.54:608][  0]Log file closed, 01/29/16 23:44:54
