[2016.01.29-23.03.31:139][  0]Log file open, 01/29/16 23:03:31
[2016.01.29-23.03.31:139][  0]LogInit:Display: Running engine for game: TwitchPlaysCthulu
[2016.01.29-23.03.31:139][  0]LogPlatformFile: Not using cached read wrapper
[2016.01.29-23.03.31:139][  0]LogInit:Display: RandInit(-2141499117) SRandInit(-2141499115).
[2016.01.29-23.03.31:139][  0]LogTaskGraph: Started task graph with 4 named threads and 7 total threads.
[2016.01.29-23.03.31:139][  0]LogStats: Stats thread started at 0.334166
[2016.01.29-23.03.31:139][  0]LogInit: Version: 4.10.2-2818068+++depot+UE4-Releases+4.10
[2016.01.29-23.03.31:139][  0]LogInit: API Version: 2758231
[2016.01.29-23.03.31:139][  0]LogInit: Compiled (64-bit): Jan  6 2016 17:36:42
[2016.01.29-23.03.31:139][  0]LogInit: Compiled with Visual C++: 19.00.23026.00
[2016.01.29-23.03.31:139][  0]LogInit: Build Configuration: Development
[2016.01.29-23.03.31:139][  0]LogInit: Branch Name: ++depot+UE4-Releases+4.10
[2016.01.29-23.03.31:139][  0]LogInit: Command line: 
[2016.01.29-23.03.31:140][  0]LogInit: Base directory: C:/Program Files/Epic Games/4.10/Engine/Binaries/Win64/
[2016.01.29-23.03.31:140][  0]LogInit: Rocket: 1
[2016.01.29-23.03.31:149][  0]LogInit: Using libcurl 7.41.0
[2016.01.29-23.03.31:149][  0]LogInit:  - built for x86_64-pc-win32
[2016.01.29-23.03.31:149][  0]LogInit:  - supports SSL with WinSSL
[2016.01.29-23.03.31:149][  0]LogInit:  - other features:
[2016.01.29-23.03.31:149][  0]LogInit:      CURL_VERSION_SSL
[2016.01.29-23.03.31:149][  0]LogInit:      CURL_VERSION_IPV6
[2016.01.29-23.03.31:149][  0]LogInit:      CURL_VERSION_ASYNCHDNS
[2016.01.29-23.03.31:149][  0]LogInit:      CURL_VERSION_LARGEFILE
[2016.01.29-23.03.31:149][  0]LogInit:      CURL_VERSION_IDN
[2016.01.29-23.03.31:149][  0]LogInit:  CurlRequestOptions (configurable via config and command line):
[2016.01.29-23.03.31:149][  0]LogInit:  - bVerifyPeer = true  - Libcurl will verify peer certificate
[2016.01.29-23.03.31:149][  0]LogInit:  - bUseHttpProxy = false  - Libcurl will NOT use HTTP proxy
[2016.01.29-23.03.31:149][  0]LogInit:  - bDontReuseConnections = false  - Libcurl will reuse connections
[2016.01.29-23.03.31:149][  0]LogInit:  - CertBundlePath = nullptr  - Libcurl will use whatever was configured at build time.
[2016.01.29-23.03.31:159][  0]LogInit: Presizing for 0 objects not considered by GC, pre-allocating 0 bytes.
[2016.01.29-23.03.31:166][  0]LogInit: Object subsystem initialized
[2016.01.29-23.03.31:170][  0]LogInit: Selected Device Profile: [Windows]
[2016.01.29-23.03.31:170][  0]LogInit: Applying CVar settings loaded from the selected device profile: [Windows]
[2016.01.29-23.03.31:229][  0]LogInit: Computer: IAINS-LAPTOP
[2016.01.29-23.03.31:229][  0]LogInit: User: chaos000
[2016.01.29-23.03.31:229][  0]LogInit: CPU Page size=4096, Cores=4
[2016.01.29-23.03.31:229][  0]LogInit: High frequency timer resolution =2.338445 MHz
[2016.01.29-23.03.31:230][  0]LogMemory: Memory total: Physical=15.9GB (16GB approx)
[2016.01.29-23.03.31:230][  0]LogMemory: Platform Memory Stats for Windows
[2016.01.29-23.03.31:230][  0]LogMemory: Process Physical Memory: 58.75 MB used, 58.75 MB peak
[2016.01.29-23.03.31:230][  0]LogMemory: Process Virtual Memory: 55.22 MB used, 55.22 MB peak
[2016.01.29-23.03.31:230][  0]LogMemory: Physical Memory: 5860.66 MB used, 16268.22 MB total
[2016.01.29-23.03.31:230][  0]LogMemory: Virtual Memory: 370.20 MB used, 134217728.00 MB total
[2016.01.29-23.03.31:297][  0]LogTextLocalizationManager: No specific translations for ('en-GB') exist, so ('en') translations will be used.
[2016.01.29-23.03.31:959][  0]LogD3D11RHI: Found D3D11 adapter 0: NVIDIA GeForce GT 640M   (Feature Level 11_0)
[2016.01.29-23.03.31:959][  0]LogD3D11RHI: Adapter has 1990MB of dedicated video memory, 0MB of dedicated system memory, and 8134MB of shared system memory, 1 output[s]
[2016.01.29-23.03.31:964][  0]LogD3D11RHI: Found D3D11 adapter 1: Intel(R) HD Graphics 4000 (Feature Level 11_0)
[2016.01.29-23.03.31:964][  0]LogD3D11RHI: Adapter has 32MB of dedicated video memory, 0MB of dedicated system memory, and 1760MB of shared system memory, 0 output[s]
[2016.01.29-23.03.31:967][  0]LogD3D11RHI: Found D3D11 adapter 2: Microsoft Basic Render Driver (Feature Level 11_0)
[2016.01.29-23.03.31:967][  0]LogD3D11RHI: Adapter has 0MB of dedicated video memory, 0MB of dedicated system memory, and 8134MB of shared system memory, 0 output[s]
[2016.01.29-23.03.31:967][  0]LogD3D11RHI: Chosen D3D11 Adapter Id = 0
[2016.01.29-23.03.31:975][  0]LogD3D11RHI: !Direct3DDevice
[2016.01.29-23.03.31:975][  0]LogRHI: Texture pool is 1361 MB (70% of 1945 MB)
[2016.01.29-23.03.32:076][  0]LogD3D11RHI: Async texture creation enabled
[2016.01.29-23.03.32:095][  0]LogShaderCompilers: Guid format shader working directory is -40 characters bigger than the processId version (../../../../../../Users/chaos_000/Documents/GitHub/Dancing-octo-thingy/TwitchPlaysCthulu/Intermediate/Shaders/WorkingDirectory/11176/).
[2016.01.29-23.03.32:095][  0]LogShaderCompilers: Cleaned the shader compiler working directory 'C:/Users/CHAOS_~1/AppData/Local/Temp/UnrealShaderWorkingDir/271215A647F936399CEC169028890B9D/'.
[2016.01.29-23.03.32:095][  0]LogShaderCompilers:Display: Using Local Shader Compiler.
[2016.01.29-23.03.33:535][  0]LogTemp:Display: Loaded TP AllDesktopTargetPlatform
[2016.01.29-23.03.33:544][  0]LogTemp:Display: Loaded TP WindowsClientTargetPlatform
[2016.01.29-23.03.33:552][  0]LogTemp:Display: Loaded TP WindowsNoEditorTargetPlatform
[2016.01.29-23.03.33:560][  0]LogTemp:Display: Loaded TP WindowsServerTargetPlatform
[2016.01.29-23.03.33:567][  0]LogTemp:Display: Loaded TP WindowsTargetPlatform
[2016.01.29-23.03.33:573][  0]LogTemp:Display: Loaded TP AndroidTargetPlatform
[2016.01.29-23.03.33:578][  0]LogTemp:Display: Loaded TP Android_ASTCTargetPlatform
[2016.01.29-23.03.33:582][  0]LogTemp:Display: Loaded TP Android_ATCTargetPlatform
[2016.01.29-23.03.33:587][  0]LogTemp:Display: Loaded TP Android_DXTTargetPlatform
[2016.01.29-23.03.33:592][  0]LogTemp:Display: Loaded TP Android_ETC1TargetPlatform
[2016.01.29-23.03.33:597][  0]LogTemp:Display: Loaded TP Android_ETC2TargetPlatform
[2016.01.29-23.03.33:607][  0]LogTemp:Display: Loaded TP Android_MultiTargetPlatform
[2016.01.29-23.03.33:607][  0]LogTemp:Display: Loaded TP Android_PVRTCTargetPlatform
[2016.01.29-23.03.33:609][  0]LogTemp:Display: Loaded TP HTML5TargetPlatform
[2016.01.29-23.03.33:629][  0]LogTemp:Display: Loaded TP IOSTargetPlatform
[2016.01.29-23.03.33:633][  0]LogTemp:Display: Loaded TP LinuxNoEditorTargetPlatform
[2016.01.29-23.03.33:638][  0]LogTemp:Display: Loaded TP LinuxServerTargetPlatform
[2016.01.29-23.03.33:643][  0]LogTemp:Display: Loaded TP LinuxTargetPlatform
[2016.01.29-23.03.33:643][  0]LogTargetPlatformManager:Display: Building Assets For Windows
[2016.01.29-23.03.33:863][  0]LogDerivedDataCache:Display: Max Cache Size: 512 MB
[2016.01.29-23.03.33:909][  0]LogDerivedDataCache: Loaded boot cache 0.05s 41MB C:/Users/chaos_000/AppData/Local/UnrealEngine/4.10/DerivedDataCache/Boot.ddc.
[2016.01.29-23.03.33:909][  0]LogDerivedDataCache:Display: Loaded Boot cache: C:/Users/chaos_000/AppData/Local/UnrealEngine/4.10/DerivedDataCache/Boot.ddc
[2016.01.29-23.03.33:909][  0]LogDerivedDataCache: FDerivedDataBackendGraph:  Pak pak cache file ../../../../../../Users/chaos_000/Documents/GitHub/Dancing-octo-thingy/TwitchPlaysCthulu/DerivedDataCache/DDC.ddp not found, will not use a pak cache.
[2016.01.29-23.03.33:909][  0]LogDerivedDataCache: Unable to find inner node Pak for hierarchical cache Hierarchy.
[2016.01.29-23.03.33:909][  0]LogDerivedDataCache: FDerivedDataBackendGraph:  CompressedPak pak cache file ../../../../../../Users/chaos_000/Documents/GitHub/Dancing-octo-thingy/TwitchPlaysCthulu/DerivedDataCache/Compressed.ddp not found, will not use a pak cache.
[2016.01.29-23.03.33:909][  0]LogDerivedDataCache: Unable to find inner node CompressedPak for hierarchical cache Hierarchy.
[2016.01.29-23.03.33:974][  0]LogDerivedDataCache:Display: Pak cache opened for reading ../../../Engine/DerivedDataCache/Compressed.ddp.
[2016.01.29-23.03.33:987][  0]LogDerivedDataCache: Using Local data cache path C:/Users/chaos_000/AppData/Local/UnrealEngine/Common/DerivedDataCache: Writable
[2016.01.29-23.03.34:269][  0]LogInit: Selected Device Profile: [Windows]
[2016.01.29-23.03.34:272][  0]LogContentStreaming: Texture pool size is 0.000000MB
[2016.01.29-23.03.34:446][  0]LogMeshUtilities: No automatic mesh reduction module available
[2016.01.29-23.03.34:446][  0]LogMeshUtilities: No automatic mesh merging module available
[2016.01.29-23.03.34:803][  0]LogInit: WinSock: version 1.1 (2.2), MaxSocks=32767, MaxUdp=65467
[2016.01.29-23.03.36:650][  0]UdpMessaging: Initializing bridge on interface 0.0.0.0:0 to multicast group 230.0.0.1:6666.
[2016.01.29-23.03.36:800][  0]LogAssetRegistry: FAssetRegistry took 0.0113 seconds to start up
[2016.01.29-23.03.37:165][  0]SourceControl: Info Source control is disabled
[2016.01.29-23.03.37:168][  0]SourceControl: Info Source control is disabled
[2016.01.29-23.03.37:194][  0]SourceControl: Info Source control is disabled
[2016.01.29-23.03.37:221][  0]SourceControl: Info Source control is disabled
[2016.01.29-23.03.37:765][  0]LogObj: 28683 objects as part of root set at end of initial load.
[2016.01.29-23.03.37:765][  0]LogUObjectAllocator: 6121544 out of 0 bytes used by permanent object pool.
[2016.01.29-23.03.37:832][  0]LogEngine: Initializing Engine...
[2016.01.29-23.03.37:845][  0]LogHMD: Can't find Oculus library dev build: is proper Runtime installed? Version: 0.8.0.0
[2016.01.29-23.03.37:846][  0]LogHMD: SteamVR failed to initialize.  Err: 110
[2016.01.29-23.03.38:022][  0]LogAIModule: Creating AISystem for world NewWorld
[2016.01.29-23.03.38:028][  0]LogInit: XAudio2 using 'Speakers (Realtek High Definition Audio)' : 2 channels at 48 kHz using 32 bits per sample (channel mask 0x3)
[2016.01.29-23.03.38:058][  0]LogInit: FAudioDevice initialized.
[2016.01.29-23.03.38:085][  0]LogDerivedDataCache: Saved boot cache 0.03s 42MB C:/Users/chaos_000/AppData/Local/UnrealEngine/4.10/DerivedDataCache/Boot.ddc.
[2016.01.29-23.03.38:088][  0]LogInit: Texture streaming: Enabled
[2016.01.29-23.03.38:097][  0]LogAnalytics: Creating configured Analytics provider AnalyticsET
[2016.01.29-23.03.38:097][  0]LogAnalytics: [UEEditor.Rocket.Release] APIServer = http://et2.epicgames.com/ET2/. AppVersion = 4.10.2-2818068+++depot+UE4-Releases+4.10
[2016.01.29-23.03.38:097][  0]LogAnalytics: [UEEditor.Rocket.Release] SetUserId 5411e9144329820b3d10dbaa5cdf576f|bbe2df878af049d9aab83d822dc1bc5f|7c6c6c86-c1d3-403f-8e5e-ec1a0143e4f7
[2016.01.29-23.03.38:097][  0]LogAnalytics: [UEEditor.Rocket.Release] AnalyticsET::StartSession
[2016.01.29-23.03.38:111][  0]LogInit: Transaction tracking system initialized
[2016.01.29-23.03.38:175][  0]BlueprintLog: New page: Editor Load
[2016.01.29-23.03.39:276][  0]LocalizationService: Info Localization service is disabled
[2016.01.29-23.03.39:516][  0]LogConsoleResponse:Display: 
[2016.01.29-23.03.39:667][  0]LogCook:Display: Done creating registry. It took  0.00s.
[2016.01.29-23.03.39:792][  0]LogFileCache: Scanning file cache for directory 'C:/Users/chaos_000/Documents/GitHub/Dancing-octo-thingy/TwitchPlaysCthulu/Content/' took 0.01s
[2016.01.29-23.03.39:792][  0]SourceControl: Info Source control is disabled
[2016.01.29-23.03.39:792][  0]Cmd: MAP LOAD FILE="../../../../../../Users/chaos_000/Documents/GitHub/Dancing-octo-thingy/TwitchPlaysCthulu/Content/PuzzleCPP/Maps/PuzzleExampleMap.umap" TEMPLATE=0 SHOWPROGRESS=1 FEATURELEVEL=3
[2016.01.29-23.03.39:793][  0]LightingResults: New page: Lighting Build
[2016.01.29-23.03.39:800][  0]MapCheck: New page: Map Check
[2016.01.29-23.03.39:800][  0]LightingResults: New page: Lighting Build
[2016.01.29-23.03.39:812][  0]LogParticles: Destroying 0 GPU particle simulations for FXSystem 0x00000180A0FAA160
[2016.01.29-23.03.40:114][  0]LogTexture:Display: Building textures: HQ_Lightmap1_1 (AutoDXT)
[2016.01.29-23.03.40:116][  0]LogTexture:Display: Building textures: HQ_Lightmap1_2 (AutoDXT)
[2016.01.2